<?xml version="1.0" encoding="UTF-8"?>
<coverage generated="1617784665">
  <project timestamp="1617784665">
    <file name="/home/vasilyevr/PhpstormProjects/ChatAntiBot/src/BotSettingsLoader.php">
      <class name="App\BotSettingsLoader" namespace="global">
        <metrics complexity="7" methods="3" coveredmethods="3" conditionals="11" coveredconditionals="11" statements="35" coveredstatements="35" elements="49" coveredelements="49"/>
      </class>
      <line num="29" type="method" name="__construct" visibility="public" complexity="1" crap="1" count="5"/>
      <line num="31" type="stmt" count="5"/>
      <line num="32" type="stmt" count="5"/>
      <line num="33" type="stmt" count="5"/>
      <line num="38" type="method" name="getBotSettings" visibility="public" complexity="5" crap="5" count="5"/>
      <line num="40" type="stmt" count="5"/>
      <line num="41" type="stmt" count="5"/>
      <line num="42" type="stmt" count="1"/>
      <line num="43" type="stmt" count="1"/>
      <line num="44" type="stmt" count="1"/>
      <line num="47" type="stmt" count="4"/>
      <line num="48" type="stmt" count="4"/>
      <line num="49" type="stmt" count="1"/>
      <line num="50" type="stmt" count="1"/>
      <line num="51" type="stmt" count="1"/>
      <line num="54" type="stmt" count="3"/>
      <line num="55" type="stmt" count="3"/>
      <line num="56" type="stmt" count="1"/>
      <line num="57" type="stmt" count="1"/>
      <line num="58" type="stmt" count="1"/>
      <line num="61" type="stmt" count="2"/>
      <line num="62" type="stmt" count="2"/>
      <line num="63" type="stmt" count="1"/>
      <line num="64" type="stmt" count="1"/>
      <line num="65" type="stmt" count="1"/>
      <line num="67" type="stmt" count="1"/>
      <line num="69" type="stmt" count="1"/>
      <line num="70" type="stmt" count="1"/>
      <line num="71" type="stmt" count="1"/>
      <line num="72" type="stmt" count="1"/>
      <line num="73" type="stmt" count="1"/>
      <line num="75" type="stmt" count="1"/>
      <line num="82" type="method" name="getPuzzleSettingsDto" visibility="private" complexity="1" crap="1" count="1"/>
      <line num="84" type="stmt" count="1"/>
      <line num="85" type="stmt" count="1"/>
      <line num="86" type="stmt" count="1"/>
      <line num="87" type="stmt" count="1"/>
      <line num="89" type="stmt" count="1"/>
      <metrics loc="91" ncloc="74" classes="1" methods="3" coveredmethods="3" conditionals="11" coveredconditionals="11" statements="35" coveredstatements="35" elements="49" coveredelements="49"/>
    </file>
    <file name="/home/vasilyevr/PhpstormProjects/ChatAntiBot/src/DatabaseService.php">
      <class name="App\DatabaseService" namespace="global">
        <metrics complexity="2" methods="1" coveredmethods="0" conditionals="3" coveredconditionals="0" statements="13" coveredstatements="0" elements="17" coveredelements="0"/>
      </class>
      <line num="13" type="method" name="init" visibility="public" complexity="2" crap="6" count="0"/>
      <line num="15" type="stmt" count="0"/>
      <line num="16" type="stmt" count="0"/>
      <line num="17" type="stmt" count="0"/>
      <line num="18" type="stmt" count="0"/>
      <line num="20" type="stmt" count="0"/>
      <line num="21" type="stmt" count="0"/>
      <line num="23" type="stmt" count="0"/>
      <line num="24" type="stmt" count="0"/>
      <line num="26" type="stmt" count="0"/>
      <line num="27" type="stmt" count="0"/>
      <line num="29" type="stmt" count="0"/>
      <line num="30" type="stmt" count="0"/>
      <line num="32" type="stmt" count="0"/>
      <metrics loc="33" ncloc="30" classes="1" methods="1" coveredmethods="0" conditionals="3" coveredconditionals="0" statements="13" coveredstatements="0" elements="17" coveredelements="0"/>
    </file>
    <file name="/home/vasilyevr/PhpstormProjects/ChatAntiBot/src/Dto/BotSettingsDto.php">
      <class name="App\Dto\BotSettingsDto" namespace="global">
        <metrics complexity="10" methods="10" coveredmethods="10" conditionals="10" coveredconditionals="10" statements="15" coveredstatements="15" elements="35" coveredelements="35"/>
      </class>
      <line num="36" type="method" name="getBotApiKey" visibility="public" complexity="1" crap="1" count="1"/>
      <line num="38" type="stmt" count="1"/>
      <line num="44" type="method" name="getBotUserName" visibility="public" complexity="1" crap="1" count="1"/>
      <line num="46" type="stmt" count="1"/>
      <line num="52" type="method" name="getPuzzleReplyTimeOut" visibility="public" complexity="1" crap="1" count="1"/>
      <line num="54" type="stmt" count="1"/>
      <line num="60" type="method" name="getPuzzleReplyAttemptCount" visibility="public" complexity="1" crap="1" count="1"/>
      <line num="62" type="stmt" count="1"/>
      <line num="68" type="method" name="getPuzzlesSettings" visibility="public" complexity="1" crap="1" count="1"/>
      <line num="70" type="stmt" count="1"/>
      <line num="76" type="method" name="setBotApiKey" visibility="public" complexity="1" crap="1" count="2"/>
      <line num="78" type="stmt" count="2"/>
      <line num="79" type="stmt" count="2"/>
      <line num="84" type="method" name="setBotUserName" visibility="public" complexity="1" crap="1" count="1"/>
      <line num="86" type="stmt" count="1"/>
      <line num="87" type="stmt" count="1"/>
      <line num="92" type="method" name="setPuzzleReplyTimeOut" visibility="public" complexity="1" crap="1" count="2"/>
      <line num="94" type="stmt" count="2"/>
      <line num="95" type="stmt" count="2"/>
      <line num="100" type="method" name="setPuzzleReplyAttemptCount" visibility="public" complexity="1" crap="1" count="2"/>
      <line num="102" type="stmt" count="2"/>
      <line num="103" type="stmt" count="2"/>
      <line num="108" type="method" name="setPuzzlesSettings" visibility="public" complexity="1" crap="1" count="2"/>
      <line num="110" type="stmt" count="2"/>
      <line num="111" type="stmt" count="2"/>
      <metrics loc="112" ncloc="67" classes="1" methods="10" coveredmethods="10" conditionals="10" coveredconditionals="10" statements="15" coveredstatements="15" elements="35" coveredelements="35"/>
    </file>
    <file name="/home/vasilyevr/PhpstormProjects/ChatAntiBot/src/Dto/NewMemberTelegramUpdateDto.php">
      <class name="App\Dto\NewMemberTelegramUpdateDto" namespace="global">
        <metrics complexity="6" methods="6" coveredmethods="6" conditionals="6" coveredconditionals="6" statements="10" coveredstatements="10" elements="22" coveredelements="22"/>
      </class>
      <line num="36" type="method" name="__construct" visibility="public" complexity="1" crap="1" count="5"/>
      <line num="38" type="stmt" count="5"/>
      <line num="39" type="stmt" count="5"/>
      <line num="40" type="stmt" count="5"/>
      <line num="41" type="stmt" count="5"/>
      <line num="42" type="stmt" count="5"/>
      <line num="47" type="method" name="getUpdateId" visibility="public" complexity="1" crap="1" count="1"/>
      <line num="49" type="stmt" count="1"/>
      <line num="55" type="method" name="getType" visibility="public" complexity="1" crap="1" count="1"/>
      <line num="57" type="stmt" count="1"/>
      <line num="63" type="method" name="getChatId" visibility="public" complexity="1" crap="1" count="1"/>
      <line num="65" type="stmt" count="1"/>
      <line num="71" type="method" name="getMessageId" visibility="public" complexity="1" crap="1" count="1"/>
      <line num="73" type="stmt" count="1"/>
      <line num="79" type="method" name="getNewMembers" visibility="public" complexity="1" crap="1" count="1"/>
      <line num="81" type="stmt" count="1"/>
      <metrics loc="83" ncloc="50" classes="1" methods="6" coveredmethods="6" conditionals="6" coveredconditionals="6" statements="10" coveredstatements="10" elements="22" coveredelements="22"/>
    </file>
    <file name="/home/vasilyevr/PhpstormProjects/ChatAntiBot/src/Dto/PuzzleAnswerTelegramUpdateDto.php">
      <class name="App\Dto\PuzzleAnswerTelegramUpdateDto" namespace="global">
        <metrics complexity="8" methods="8" coveredmethods="8" conditionals="8" coveredconditionals="8" statements="14" coveredstatements="14" elements="30" coveredelements="30"/>
      </class>
      <line num="48" type="method" name="__construct" visibility="public" complexity="1" crap="1" count="7"/>
      <line num="56" type="stmt" count="7"/>
      <line num="57" type="stmt" count="7"/>
      <line num="58" type="stmt" count="7"/>
      <line num="59" type="stmt" count="7"/>
      <line num="60" type="stmt" count="7"/>
      <line num="61" type="stmt" count="7"/>
      <line num="62" type="stmt" count="7"/>
      <line num="67" type="method" name="getUpdateId" visibility="public" complexity="1" crap="1" count="1"/>
      <line num="69" type="stmt" count="1"/>
      <line num="75" type="method" name="getType" visibility="public" complexity="1" crap="1" count="1"/>
      <line num="77" type="stmt" count="1"/>
      <line num="83" type="method" name="getChatId" visibility="public" complexity="1" crap="1" count="1"/>
      <line num="85" type="stmt" count="1"/>
      <line num="91" type="method" name="getUser" visibility="public" complexity="1" crap="1" count="1"/>
      <line num="93" type="stmt" count="1"/>
      <line num="99" type="method" name="getEnterMessageId" visibility="public" complexity="1" crap="1" count="1"/>
      <line num="101" type="stmt" count="1"/>
      <line num="107" type="method" name="getPuzzleMessageId" visibility="public" complexity="1" crap="1" count="1"/>
      <line num="109" type="stmt" count="1"/>
      <line num="115" type="method" name="getAnswer" visibility="public" complexity="1" crap="1" count="1"/>
      <line num="117" type="stmt" count="1"/>
      <metrics loc="119" ncloc="72" classes="1" methods="8" coveredmethods="8" conditionals="8" coveredconditionals="8" statements="14" coveredstatements="14" elements="30" coveredelements="30"/>
    </file>
    <file name="/home/vasilyevr/PhpstormProjects/ChatAntiBot/src/Dto/PuzzleDto.php">
      <class name="App\Dto\PuzzleDto" namespace="global">
        <metrics complexity="4" methods="4" coveredmethods="0" conditionals="4" coveredconditionals="0" statements="7" coveredstatements="0" elements="15" coveredelements="0"/>
      </class>
      <line num="28" type="method" name="__construct" visibility="public" complexity="1" crap="2" count="0"/>
      <line num="30" type="stmt" count="0"/>
      <line num="31" type="stmt" count="0"/>
      <line num="32" type="stmt" count="0"/>
      <line num="33" type="stmt" count="0"/>
      <line num="38" type="method" name="getQuestion" visibility="public" complexity="1" crap="2" count="0"/>
      <line num="40" type="stmt" count="0"/>
      <line num="46" type="method" name="getAnswer" visibility="public" complexity="1" crap="2" count="0"/>
      <line num="48" type="stmt" count="0"/>
      <line num="54" type="method" name="getChoices" visibility="public" complexity="1" crap="2" count="0"/>
      <line num="56" type="stmt" count="0"/>
      <metrics loc="58" ncloc="35" classes="1" methods="4" coveredmethods="0" conditionals="4" coveredconditionals="0" statements="7" coveredstatements="0" elements="15" coveredelements="0"/>
    </file>
    <file name="/home/vasilyevr/PhpstormProjects/ChatAntiBot/src/Dto/PuzzleSettingsDto.php">
      <class name="App\Dto\PuzzleSettingsDto" namespace="global">
        <metrics complexity="3" methods="3" coveredmethods="3" conditionals="3" coveredconditionals="3" statements="5" coveredstatements="5" elements="11" coveredelements="11"/>
      </class>
      <line num="23" type="method" name="__construct" visibility="public" complexity="1" crap="1" count="7"/>
      <line num="25" type="stmt" count="7"/>
      <line num="26" type="stmt" count="7"/>
      <line num="27" type="stmt" count="7"/>
      <line num="32" type="method" name="getMaxChoicesCount" visibility="public" complexity="1" crap="1" count="5"/>
      <line num="34" type="stmt" count="5"/>
      <line num="40" type="method" name="getSettings" visibility="public" complexity="1" crap="1" count="5"/>
      <line num="42" type="stmt" count="5"/>
      <metrics loc="44" ncloc="28" classes="1" methods="3" coveredmethods="3" conditionals="3" coveredconditionals="3" statements="5" coveredstatements="5" elements="11" coveredelements="11"/>
    </file>
    <file name="/home/vasilyevr/PhpstormProjects/ChatAntiBot/src/Dto/PuzzleTaskDto.php">
      <class name="App\Dto\PuzzleTaskDto" namespace="global">
        <metrics complexity="6" methods="6" coveredmethods="0" conditionals="6" coveredconditionals="0" statements="11" coveredstatements="0" elements="23" coveredelements="0"/>
      </class>
      <line num="40" type="method" name="__construct" visibility="public" complexity="1" crap="2" count="0"/>
      <line num="42" type="stmt" count="0"/>
      <line num="43" type="stmt" count="0"/>
      <line num="44" type="stmt" count="0"/>
      <line num="45" type="stmt" count="0"/>
      <line num="46" type="stmt" count="0"/>
      <line num="47" type="stmt" count="0"/>
      <line num="52" type="method" name="getChatId" visibility="public" complexity="1" crap="2" count="0"/>
      <line num="54" type="stmt" count="0"/>
      <line num="60" type="method" name="getUserId" visibility="public" complexity="1" crap="2" count="0"/>
      <line num="62" type="stmt" count="0"/>
      <line num="68" type="method" name="getAnswer" visibility="public" complexity="1" crap="2" count="0"/>
      <line num="70" type="stmt" count="0"/>
      <line num="76" type="method" name="getTaskMessageId" visibility="public" complexity="1" crap="2" count="0"/>
      <line num="78" type="stmt" count="0"/>
      <line num="84" type="method" name="getAttempt" visibility="public" complexity="1" crap="2" count="0"/>
      <line num="86" type="stmt" count="0"/>
      <metrics loc="88" ncloc="51" classes="1" methods="6" coveredmethods="0" conditionals="6" coveredconditionals="0" statements="11" coveredstatements="0" elements="23" coveredelements="0"/>
    </file>
    <file name="/home/vasilyevr/PhpstormProjects/ChatAntiBot/src/Dto/PuzzleTaskUserDto.php">
      <class name="App\Dto\PuzzleTaskUserDto" namespace="global">
        <metrics complexity="3" methods="3" coveredmethods="0" conditionals="3" coveredconditionals="0" statements="5" coveredstatements="0" elements="11" coveredelements="0"/>
      </class>
      <line num="22" type="method" name="__construct" visibility="public" complexity="1" crap="2" count="0"/>
      <line num="23" type="stmt" count="0"/>
      <line num="24" type="stmt" count="0"/>
      <line num="25" type="stmt" count="0"/>
      <line num="30" type="method" name="getChatId" visibility="public" complexity="1" crap="2" count="0"/>
      <line num="32" type="stmt" count="0"/>
      <line num="38" type="method" name="getUserId" visibility="public" complexity="1" crap="2" count="0"/>
      <line num="40" type="stmt" count="0"/>
      <metrics loc="42" ncloc="26" classes="1" methods="3" coveredmethods="0" conditionals="3" coveredconditionals="0" statements="5" coveredstatements="0" elements="11" coveredelements="0"/>
    </file>
    <file name="/home/vasilyevr/PhpstormProjects/ChatAntiBot/src/Dto/PuzzlesSettingsDto.php">
      <class name="App\Dto\PuzzlesSettingsDto" namespace="global">
        <metrics complexity="3" methods="3" coveredmethods="3" conditionals="3" coveredconditionals="3" statements="5" coveredstatements="5" elements="11" coveredelements="11"/>
      </class>
      <line num="23" type="method" name="__construct" visibility="public" complexity="1" crap="1" count="7"/>
      <line num="26" type="stmt" count="7"/>
      <line num="27" type="stmt" count="7"/>
      <line num="28" type="stmt" count="7"/>
      <line num="33" type="method" name="getPuzzleType" visibility="public" complexity="1" crap="1" count="5"/>
      <line num="35" type="stmt" count="5"/>
      <line num="41" type="method" name="getPuzzleSettings" visibility="public" complexity="1" crap="1" count="5"/>
      <line num="43" type="stmt" count="5"/>
      <metrics loc="45" ncloc="29" classes="1" methods="3" coveredmethods="3" conditionals="3" coveredconditionals="3" statements="5" coveredstatements="5" elements="11" coveredelements="11"/>
    </file>
    <file name="/home/vasilyevr/PhpstormProjects/ChatAntiBot/src/Dto/TelegramUpdateDtoInterface.php">
      <metrics loc="17" ncloc="11" classes="0" methods="0" coveredmethods="0" conditionals="0" coveredconditionals="0" statements="0" coveredstatements="0" elements="0" coveredelements="0"/>
    </file>
    <file name="/home/vasilyevr/PhpstormProjects/ChatAntiBot/src/Dto/UserDto.php">
      <class name="App\Dto\UserDto" namespace="global">
        <metrics complexity="3" methods="3" coveredmethods="1" conditionals="3" coveredconditionals="1" statements="5" coveredstatements="3" elements="11" coveredelements="5"/>
      </class>
      <line num="22" type="method" name="__construct" visibility="public" complexity="1" crap="1" count="12"/>
      <line num="24" type="stmt" count="12"/>
      <line num="25" type="stmt" count="12"/>
      <line num="26" type="stmt" count="12"/>
      <line num="31" type="method" name="getUserId" visibility="public" complexity="1" crap="2" count="0"/>
      <line num="33" type="stmt" count="0"/>
      <line num="39" type="method" name="getUserName" visibility="public" complexity="1" crap="2" count="0"/>
      <line num="41" type="stmt" count="0"/>
      <metrics loc="43" ncloc="27" classes="1" methods="3" coveredmethods="1" conditionals="3" coveredconditionals="1" statements="5" coveredstatements="3" elements="11" coveredelements="5"/>
    </file>
    <file name="/home/vasilyevr/PhpstormProjects/ChatAntiBot/src/Enum/PuzzleTypeEnum.php">
      <class name="App\Enum\PuzzleTypeEnum" namespace="global">
        <metrics complexity="0" methods="0" coveredmethods="0" conditionals="0" coveredconditionals="0" statements="0" coveredstatements="0" elements="0" coveredelements="0"/>
      </class>
      <metrics loc="13" ncloc="13" classes="0" methods="0" coveredmethods="0" conditionals="0" coveredconditionals="0" statements="0" coveredstatements="0" elements="0" coveredelements="0"/>
    </file>
    <file name="/home/vasilyevr/PhpstormProjects/ChatAntiBot/src/Enum/TelegramUpdateEnum.php">
      <class name="App\Enum\TelegramUpdateEnum" namespace="global">
        <metrics complexity="0" methods="0" coveredmethods="0" conditionals="0" coveredconditionals="0" statements="0" coveredstatements="0" elements="0" coveredelements="0"/>
      </class>
      <metrics loc="10" ncloc="10" classes="0" methods="0" coveredmethods="0" conditionals="0" coveredconditionals="0" statements="0" coveredstatements="0" elements="0" coveredelements="0"/>
    </file>
    <file name="/home/vasilyevr/PhpstormProjects/ChatAntiBot/src/Exception/BotClientResponseException.php">
      <class name="App\Exception\BotClientResponseException" namespace="global">
        <metrics complexity="0" methods="0" coveredmethods="0" conditionals="0" coveredconditionals="0" statements="0" coveredstatements="0" elements="0" coveredelements="0"/>
      </class>
      <metrics loc="11" ncloc="11" classes="0" methods="0" coveredmethods="0" conditionals="0" coveredconditionals="0" statements="0" coveredstatements="0" elements="0" coveredelements="0"/>
    </file>
    <file name="/home/vasilyevr/PhpstormProjects/ChatAntiBot/src/Exception/UnknownUpdateProcessorException.php">
      <class name="App\Exception\UnknownUpdateProcessorException" namespace="global">
        <metrics complexity="0" methods="0" coveredmethods="0" conditionals="0" coveredconditionals="0" statements="0" coveredstatements="0" elements="0" coveredelements="0"/>
      </class>
      <metrics loc="11" ncloc="11" classes="0" methods="0" coveredmethods="0" conditionals="0" coveredconditionals="0" statements="0" coveredstatements="0" elements="0" coveredelements="0"/>
    </file>
    <file name="/home/vasilyevr/PhpstormProjects/ChatAntiBot/src/Puzzle/AbstractPuzzleGenerator.php">
      <class name="App\Puzzle\AbstractPuzzleGenerator" namespace="global">
        <metrics complexity="9" methods="7" coveredmethods="1" conditionals="12" coveredconditionals="1" statements="26" coveredstatements="3" elements="45" coveredelements="5"/>
      </class>
      <line num="26" type="method" name="__construct" visibility="public" complexity="1" crap="1" count="5"/>
      <line num="28" type="stmt" count="5"/>
      <line num="29" type="stmt" count="5"/>
      <line num="30" type="stmt" count="5"/>
      <line num="35" type="method" name="generate" visibility="public" complexity="1" crap="2" count="0"/>
      <line num="37" type="stmt" count="0"/>
      <line num="38" type="stmt" count="0"/>
      <line num="39" type="stmt" count="0"/>
      <line num="40" type="stmt" count="0"/>
      <line num="42" type="stmt" count="0"/>
      <line num="53" type="method" name="getAnswers" visibility="protected" complexity="2" crap="6" count="0"/>
      <line num="55" type="stmt" count="0"/>
      <line num="56" type="stmt" count="0"/>
      <line num="57" type="stmt" count="0"/>
      <line num="58" type="stmt" count="0"/>
      <line num="60" type="stmt" count="0"/>
      <line num="67" type="method" name="generateChoices" visibility="protected" complexity="1" crap="2" count="0"/>
      <line num="69" type="stmt" count="0"/>
      <line num="70" type="stmt" count="0"/>
      <line num="71" type="stmt" count="0"/>
      <line num="72" type="stmt" count="0"/>
      <line num="80" type="method" name="getMaxChoicesCount" visibility="protected" complexity="1" crap="2" count="0"/>
      <line num="82" type="stmt" count="0"/>
      <line num="85" type="method" name="getRandomAnswer" visibility="protected" complexity="1" crap="2" count="0"/>
      <line num="87" type="stmt" count="0"/>
      <line num="89" type="stmt" count="0"/>
      <line num="96" type="method" name="getFormattedNumber" visibility="protected" complexity="2" crap="6" count="0"/>
      <line num="98" type="stmt" count="0"/>
      <line num="99" type="stmt" count="0"/>
      <line num="100" type="stmt" count="0"/>
      <line num="101" type="stmt" count="0"/>
      <line num="102" type="stmt" count="0"/>
      <line num="106" type="stmt" count="0"/>
      <metrics loc="108" ncloc="85" classes="1" methods="7" coveredmethods="1" conditionals="12" coveredconditionals="1" statements="26" coveredstatements="3" elements="45" coveredelements="5"/>
    </file>
    <file name="/home/vasilyevr/PhpstormProjects/ChatAntiBot/src/Puzzle/FirstNumbersPuzzleGenerator.php">
      <class name="App\Puzzle\FirstNumbersPuzzleGenerator" namespace="global">
        <metrics complexity="6" methods="5" coveredmethods="0" conditionals="8" coveredconditionals="0" statements="10" coveredstatements="0" elements="23" coveredelements="0"/>
      </class>
      <line num="8" type="method" name="getAnswers" visibility="protected" complexity="2" crap="6" count="0"/>
      <line num="10" type="stmt" count="0"/>
      <line num="11" type="stmt" count="0"/>
      <line num="12" type="stmt" count="0"/>
      <line num="13" type="stmt" count="0"/>
      <line num="15" type="stmt" count="0"/>
      <line num="22" type="method" name="generateQuestion" visibility="protected" complexity="1" crap="2" count="0"/>
      <line num="24" type="stmt" count="0"/>
      <line num="26" type="stmt" count="0"/>
      <line num="33" type="method" name="getChosenAnswer" visibility="protected" complexity="1" crap="2" count="0"/>
      <line num="35" type="stmt" count="0"/>
      <line num="42" type="method" name="getChoiceByAnswer" visibility="protected" complexity="1" crap="2" count="0"/>
      <line num="44" type="stmt" count="0"/>
      <line num="47" type="method" name="generateOneAnswer" visibility="protected" complexity="1" crap="2" count="0"/>
      <line num="49" type="stmt" count="0"/>
      <metrics loc="50" ncloc="38" classes="1" methods="5" coveredmethods="0" conditionals="8" coveredconditionals="0" statements="10" coveredstatements="0" elements="23" coveredelements="0"/>
    </file>
    <file name="/home/vasilyevr/PhpstormProjects/ChatAntiBot/src/Puzzle/MathPuzzleGenerator.php">
      <class name="App\Puzzle\MathPuzzleGenerator" namespace="global">
        <metrics complexity="5" methods="5" coveredmethods="0" conditionals="5" coveredconditionals="0" statements="12" coveredstatements="0" elements="22" coveredelements="0"/>
      </class>
      <line num="8" type="method" name="generateQuestion" visibility="protected" complexity="1" crap="2" count="0"/>
      <line num="10" type="stmt" count="0"/>
      <line num="11" type="stmt" count="0"/>
      <line num="12" type="stmt" count="0"/>
      <line num="14" type="stmt" count="0"/>
      <line num="15" type="stmt" count="0"/>
      <line num="16" type="stmt" count="0"/>
      <line num="18" type="stmt" count="0"/>
      <line num="19" type="stmt" count="0"/>
      <line num="29" type="method" name="generateOneAnswer" visibility="protected" complexity="1" crap="2" count="0"/>
      <line num="31" type="stmt" count="0"/>
      <line num="37" type="method" name="getRandomActionNumber" visibility="protected" complexity="1" crap="2" count="0"/>
      <line num="39" type="stmt" count="0"/>
      <line num="46" type="method" name="getChosenAnswer" visibility="protected" complexity="1" crap="2" count="0"/>
      <line num="48" type="stmt" count="0"/>
      <line num="51" type="method" name="getChoiceByAnswer" visibility="protected" complexity="1" crap="2" count="0"/>
      <line num="53" type="stmt" count="0"/>
      <metrics loc="55" ncloc="45" classes="1" methods="5" coveredmethods="0" conditionals="5" coveredconditionals="0" statements="12" coveredstatements="0" elements="22" coveredelements="0"/>
    </file>
    <file name="/home/vasilyevr/PhpstormProjects/ChatAntiBot/src/Puzzle/PuzzleFactory.php">
      <class name="App\Puzzle\PuzzleFactory" namespace="global">
        <metrics complexity="7" methods="1" coveredmethods="0" conditionals="11" coveredconditionals="10" statements="7" coveredstatements="7" elements="19" coveredelements="17"/>
      </class>
      <line num="15" type="method" name="getPuzzleGenerator" visibility="public" complexity="7" crap="7.23" count="5"/>
      <line num="17" type="stmt" count="5"/>
      <line num="18" type="stmt" count="5"/>
      <line num="20" type="stmt" count="1"/>
      <line num="22" type="stmt" count="1"/>
      <line num="24" type="stmt" count="1"/>
      <line num="26" type="stmt" count="1"/>
      <line num="29" type="stmt" count="1"/>
      <metrics loc="32" ncloc="28" classes="1" methods="1" coveredmethods="0" conditionals="11" coveredconditionals="10" statements="7" coveredstatements="7" elements="19" coveredelements="17"/>
    </file>
    <file name="/home/vasilyevr/PhpstormProjects/ChatAntiBot/src/Puzzle/PuzzleGeneratorInterface.php">
      <metrics loc="11" ncloc="11" classes="0" methods="0" coveredmethods="0" conditionals="0" coveredconditionals="0" statements="0" coveredstatements="0" elements="0" coveredelements="0"/>
    </file>
    <file name="/home/vasilyevr/PhpstormProjects/ChatAntiBot/src/Puzzle/RandomNumbersPuzzleGenerator.php">
      <class name="App\Puzzle\RandomNumbersPuzzleGenerator" namespace="global">
        <metrics complexity="4" methods="4" coveredmethods="0" conditionals="4" coveredconditionals="0" statements="5" coveredstatements="0" elements="13" coveredelements="0"/>
      </class>
      <line num="12" type="method" name="generateQuestion" visibility="protected" complexity="1" crap="2" count="0"/>
      <line num="14" type="stmt" count="0"/>
      <line num="16" type="stmt" count="0"/>
      <line num="22" type="method" name="generateOneAnswer" visibility="protected" complexity="1" crap="2" count="0"/>
      <line num="24" type="stmt" count="0"/>
      <line num="31" type="method" name="getChosenAnswer" visibility="protected" complexity="1" crap="2" count="0"/>
      <line num="33" type="stmt" count="0"/>
      <line num="40" type="method" name="getChoiceByAnswer" visibility="protected" complexity="1" crap="2" count="0"/>
      <line num="42" type="stmt" count="0"/>
      <metrics loc="44" ncloc="29" classes="1" methods="4" coveredmethods="0" conditionals="4" coveredconditionals="0" statements="5" coveredstatements="0" elements="13" coveredelements="0"/>
    </file>
    <file name="/home/vasilyevr/PhpstormProjects/ChatAntiBot/src/Puzzle/RiddlePuzzleGenerator.php">
      <class name="App\Puzzle\RiddlePuzzleGenerator" namespace="global">
        <metrics complexity="6" methods="6" coveredmethods="0" conditionals="6" coveredconditionals="0" statements="10" coveredstatements="0" elements="22" coveredelements="0"/>
      </class>
      <line num="12" type="method" name="generateQuestion" visibility="protected" complexity="1" crap="2" count="0"/>
      <line num="14" type="stmt" count="0"/>
      <line num="16" type="stmt" count="0"/>
      <line num="19" type="method" name="getAnswers" visibility="protected" complexity="1" crap="2" count="0"/>
      <line num="21" type="stmt" count="0"/>
      <line num="22" type="stmt" count="0"/>
      <line num="23" type="stmt" count="0"/>
      <line num="25" type="stmt" count="0"/>
      <line num="32" type="method" name="getChosenAnswer" visibility="protected" complexity="1" crap="2" count="0"/>
      <line num="34" type="stmt" count="0"/>
      <line num="37" type="method" name="getChoiceByAnswer" visibility="protected" complexity="1" crap="2" count="0"/>
      <line num="39" type="stmt" count="0"/>
      <line num="45" type="method" name="getRiddles" visibility="private" complexity="1" crap="2" count="0"/>
      <line num="47" type="stmt" count="0"/>
      <line num="50" type="method" name="generateOneAnswer" visibility="protected" complexity="1" crap="2" count="0"/>
      <line num="52" type="stmt" count="0"/>
      <metrics loc="53" ncloc="42" classes="1" methods="6" coveredmethods="0" conditionals="6" coveredconditionals="0" statements="10" coveredstatements="0" elements="22" coveredelements="0"/>
    </file>
    <file name="/home/vasilyevr/PhpstormProjects/ChatAntiBot/src/Puzzle/SimpleMathPuzzleGenerator.php">
      <class name="App\Puzzle\SimpleMathPuzzleGenerator" namespace="global">
        <metrics complexity="2" methods="2" coveredmethods="0" conditionals="2" coveredconditionals="0" statements="2" coveredstatements="0" elements="6" coveredelements="0"/>
      </class>
      <line num="8" type="method" name="generateOneAnswer" visibility="protected" complexity="1" crap="2" count="0"/>
      <line num="10" type="stmt" count="0"/>
      <line num="16" type="method" name="getRandomActionNumber" visibility="protected" complexity="1" crap="2" count="0"/>
      <line num="18" type="stmt" count="0"/>
      <metrics loc="20" ncloc="17" classes="1" methods="2" coveredmethods="0" conditionals="2" coveredconditionals="0" statements="2" coveredstatements="0" elements="6" coveredelements="0"/>
    </file>
    <file name="/home/vasilyevr/PhpstormProjects/ChatAntiBot/src/PuzzleTask.php">
      <class name="App\PuzzleTask" namespace="global">
        <metrics complexity="9" methods="5" coveredmethods="0" conditionals="14" coveredconditionals="0" statements="28" coveredstatements="0" elements="47" coveredelements="0"/>
      </class>
      <line num="17" type="method" name="__construct" visibility="public" complexity="1" crap="2" count="0"/>
      <line num="19" type="stmt" count="0"/>
      <line num="20" type="stmt" count="0"/>
      <line num="27" type="method" name="getPuzzleTask" visibility="public" complexity="4" crap="20" count="0"/>
      <line num="29" type="stmt" count="0"/>
      <line num="30" type="stmt" count="0"/>
      <line num="31" type="stmt" count="0"/>
      <line num="36" type="stmt" count="0"/>
      <line num="37" type="stmt" count="0"/>
      <line num="39" type="stmt" count="0"/>
      <line num="40" type="stmt" count="0"/>
      <line num="41" type="stmt" count="0"/>
      <line num="43" type="stmt" count="0"/>
      <line num="44" type="stmt" count="0"/>
      <line num="47" type="stmt" count="0"/>
      <line num="58" type="method" name="savePuzzleTask" visibility="public" complexity="1" crap="2" count="0"/>
      <line num="60" type="stmt" count="0"/>
      <line num="61" type="stmt" count="0"/>
      <line num="62" type="stmt" count="0"/>
      <line num="72" type="stmt" count="0"/>
      <line num="78" type="method" name="deletePuzzleTask" visibility="public" complexity="1" crap="2" count="0"/>
      <line num="80" type="stmt" count="0"/>
      <line num="81" type="stmt" count="0"/>
      <line num="83" type="stmt" count="0"/>
      <line num="89" type="method" name="getNonApprovedUsers" visibility="public" complexity="2" crap="6" count="0"/>
      <line num="91" type="stmt" count="0"/>
      <line num="92" type="stmt" count="0"/>
      <line num="93" type="stmt" count="0"/>
      <line num="96" type="stmt" count="0"/>
      <line num="97" type="stmt" count="0"/>
      <line num="99" type="stmt" count="0"/>
      <line num="100" type="stmt" count="0"/>
      <line num="103" type="stmt" count="0"/>
      <metrics loc="105" ncloc="81" classes="1" methods="5" coveredmethods="0" conditionals="14" coveredconditionals="0" statements="28" coveredstatements="0" elements="47" coveredelements="0"/>
    </file>
    <file name="/home/vasilyevr/PhpstormProjects/ChatAntiBot/src/TelegramBotClient.php">
      <class name="App\TelegramBotClient" namespace="global">
        <metrics complexity="35" methods="14" coveredmethods="0" conditionals="65" coveredconditionals="0" statements="104" coveredstatements="0" elements="183" coveredelements="0"/>
      </class>
      <line num="31" type="method" name="__construct" visibility="public" complexity="1" crap="2" count="0"/>
      <line num="33" type="stmt" count="0"/>
      <line num="34" type="stmt" count="0"/>
      <line num="40" type="method" name="getUserName" visibility="public" complexity="2" crap="6" count="0"/>
      <line num="43" type="stmt" count="0"/>
      <line num="44" type="stmt" count="0"/>
      <line num="45" type="stmt" count="0"/>
      <line num="54" type="method" name="getUpdates" visibility="public" complexity="3" crap="12" count="0"/>
      <line num="56" type="stmt" count="0"/>
      <line num="57" type="stmt" count="0"/>
      <line num="58" type="stmt" count="0"/>
      <line num="61" type="stmt" count="0"/>
      <line num="62" type="stmt" count="0"/>
      <line num="63" type="stmt" count="0"/>
      <line num="65" type="stmt" count="0"/>
      <line num="75" type="method" name="sendKeyboardMarkupMessage" visibility="public" complexity="3" crap="12" count="0"/>
      <line num="77" type="stmt" count="0"/>
      <line num="78" type="stmt" count="0"/>
      <line num="79" type="stmt" count="0"/>
      <line num="80" type="stmt" count="0"/>
      <line num="81" type="stmt" count="0"/>
      <line num="82" type="stmt" count="0"/>
      <line num="84" type="stmt" count="0"/>
      <line num="85" type="stmt" count="0"/>
      <line num="86" type="stmt" count="0"/>
      <line num="87" type="stmt" count="0"/>
      <line num="88" type="stmt" count="0"/>
      <line num="89" type="stmt" count="0"/>
      <line num="90" type="stmt" count="0"/>
      <line num="92" type="stmt" count="0"/>
      <line num="93" type="stmt" count="0"/>
      <line num="94" type="stmt" count="0"/>
      <line num="96" type="stmt" count="0"/>
      <line num="103" type="method" name="sendChatMessage" visibility="public" complexity="2" crap="6" count="0"/>
      <line num="105" type="stmt" count="0"/>
      <line num="107" type="stmt" count="0"/>
      <line num="108" type="stmt" count="0"/>
      <line num="109" type="stmt" count="0"/>
      <line num="111" type="stmt" count="0"/>
      <line num="118" type="method" name="deleteMessage" visibility="public" complexity="2" crap="6" count="0"/>
      <line num="120" type="stmt" count="0"/>
      <line num="122" type="stmt" count="0"/>
      <line num="123" type="stmt" count="0"/>
      <line num="124" type="stmt" count="0"/>
      <line num="126" type="stmt" count="0"/>
      <line num="133" type="method" name="muteUser" visibility="public" complexity="2" crap="6" count="0"/>
      <line num="135" type="stmt" count="0"/>
      <line num="136" type="stmt" count="0"/>
      <line num="137" type="stmt" count="0"/>
      <line num="138" type="stmt" count="0"/>
      <line num="140" type="stmt" count="0"/>
      <line num="141" type="stmt" count="0"/>
      <line num="142" type="stmt" count="0"/>
      <line num="144" type="stmt" count="0"/>
      <line num="151" type="method" name="unmuteUser" visibility="public" complexity="2" crap="6" count="0"/>
      <line num="153" type="stmt" count="0"/>
      <line num="154" type="stmt" count="0"/>
      <line num="155" type="stmt" count="0"/>
      <line num="156" type="stmt" count="0"/>
      <line num="158" type="stmt" count="0"/>
      <line num="159" type="stmt" count="0"/>
      <line num="160" type="stmt" count="0"/>
      <line num="162" type="stmt" count="0"/>
      <line num="169" type="method" name="banUser" visibility="public" complexity="2" crap="6" count="0"/>
      <line num="171" type="stmt" count="0"/>
      <line num="173" type="stmt" count="0"/>
      <line num="174" type="stmt" count="0"/>
      <line num="175" type="stmt" count="0"/>
      <line num="177" type="stmt" count="0"/>
      <line num="183" type="method" name="getUpdateDtos" visibility="private" complexity="4" crap="20" count="0"/>
      <line num="185" type="stmt" count="0"/>
      <line num="186" type="stmt" count="0"/>
      <line num="187" type="stmt" count="0"/>
      <line num="188" type="stmt" count="0"/>
      <line num="189" type="stmt" count="0"/>
      <line num="191" type="stmt" count="0"/>
      <line num="192" type="stmt" count="0"/>
      <line num="196" type="stmt" count="0"/>
      <line num="203" type="method" name="getNewMemberUpdateDto" visibility="private" complexity="1" crap="2" count="0"/>
      <line num="205" type="stmt" count="0"/>
      <line num="206" type="stmt" count="0"/>
      <line num="207" type="stmt" count="0"/>
      <line num="208" type="stmt" count="0"/>
      <line num="209" type="stmt" count="0"/>
      <line num="210" type="stmt" count="0"/>
      <line num="212" type="stmt" count="0"/>
      <line num="213" type="stmt" count="0"/>
      <line num="214" type="stmt" count="0"/>
      <line num="215" type="stmt" count="0"/>
      <line num="224" type="method" name="getPuzzleAnswerUpdateDto" visibility="private" complexity="1" crap="2" count="0"/>
      <line num="226" type="stmt" count="0"/>
      <line num="227" type="stmt" count="0"/>
      <line num="228" type="stmt" count="0"/>
      <line num="229" type="stmt" count="0"/>
      <line num="230" type="stmt" count="0"/>
      <line num="231" type="stmt" count="0"/>
      <line num="233" type="stmt" count="0"/>
      <line num="234" type="stmt" count="0"/>
      <line num="235" type="stmt" count="0"/>
      <line num="237" type="stmt" count="0"/>
      <line num="238" type="stmt" count="0"/>
      <line num="239" type="stmt" count="0"/>
      <line num="246" type="method" name="isCorrectPuzzleAnswerUpdate" visibility="private" complexity="7" crap="56" count="0"/>
      <line num="248" type="stmt" count="0"/>
      <line num="249" type="stmt" count="0"/>
      <line num="250" type="stmt" count="0"/>
      <line num="252" type="stmt" count="0"/>
      <line num="254" type="stmt" count="0"/>
      <line num="255" type="stmt" count="0"/>
      <line num="256" type="stmt" count="0"/>
      <line num="257" type="stmt" count="0"/>
      <line num="259" type="stmt" count="0"/>
      <line num="260" type="stmt" count="0"/>
      <line num="262" type="stmt" count="0"/>
      <line num="269" type="method" name="isCorrectNewMemberUpdate" visibility="private" complexity="3" crap="12" count="0"/>
      <line num="271" type="stmt" count="0"/>
      <line num="272" type="stmt" count="0"/>
      <line num="273" type="stmt" count="0"/>
      <metrics loc="275" ncloc="211" classes="1" methods="14" coveredmethods="0" conditionals="65" coveredconditionals="0" statements="104" coveredstatements="0" elements="183" coveredelements="0"/>
    </file>
    <file name="/home/vasilyevr/PhpstormProjects/ChatAntiBot/src/TelegramSettings.php">
      <class name="App\TelegramSettings" namespace="global">
        <metrics complexity="5" methods="3" coveredmethods="0" conditionals="7" coveredconditionals="0" statements="11" coveredstatements="0" elements="21" coveredelements="0"/>
      </class>
      <line num="15" type="method" name="__construct" visibility="public" complexity="1" crap="2" count="0"/>
      <line num="17" type="stmt" count="0"/>
      <line num="18" type="stmt" count="0"/>
      <line num="23" type="method" name="setMessageOffset" visibility="public" complexity="1" crap="2" count="0"/>
      <line num="25" type="stmt" count="0"/>
      <line num="26" type="stmt" count="0"/>
      <line num="31" type="method" name="getMessageOffset" visibility="public" complexity="3" crap="12" count="0"/>
      <line num="33" type="stmt" count="0"/>
      <line num="34" type="stmt" count="0"/>
      <line num="35" type="stmt" count="0"/>
      <line num="37" type="stmt" count="0"/>
      <line num="38" type="stmt" count="0"/>
      <line num="39" type="stmt" count="0"/>
      <line num="41" type="stmt" count="0"/>
      <metrics loc="43" ncloc="34" classes="1" methods="3" coveredmethods="0" conditionals="7" coveredconditionals="0" statements="11" coveredstatements="0" elements="21" coveredelements="0"/>
    </file>
    <file name="/home/vasilyevr/PhpstormProjects/ChatAntiBot/src/UpdateManager.php">
      <class name="App\UpdateManager" namespace="global">
        <metrics complexity="6" methods="1" coveredmethods="0" conditionals="15" coveredconditionals="0" statements="22" coveredstatements="0" elements="38" coveredelements="0"/>
      </class>
      <line num="22" type="method" name="run" visibility="public" complexity="6" crap="42" count="0"/>
      <line num="29" type="stmt" count="0"/>
      <line num="31" type="stmt" count="0"/>
      <line num="32" type="stmt" count="0"/>
      <line num="33" type="stmt" count="0"/>
      <line num="34" type="stmt" count="0"/>
      <line num="36" type="stmt" count="0"/>
      <line num="37" type="stmt" count="0"/>
      <line num="40" type="stmt" count="0"/>
      <line num="41" type="stmt" count="0"/>
      <line num="42" type="stmt" count="0"/>
      <line num="43" type="stmt" count="0"/>
      <line num="45" type="stmt" count="0"/>
      <line num="46" type="stmt" count="0"/>
      <line num="48" type="stmt" count="0"/>
      <line num="49" type="stmt" count="0"/>
      <line num="51" type="stmt" count="0"/>
      <line num="52" type="stmt" count="0"/>
      <line num="53" type="stmt" count="0"/>
      <line num="54" type="stmt" count="0"/>
      <line num="56" type="stmt" count="0"/>
      <line num="58" type="stmt" count="0"/>
      <line num="59" type="stmt" count="0"/>
      <metrics loc="60" ncloc="54" classes="1" methods="1" coveredmethods="0" conditionals="15" coveredconditionals="0" statements="22" coveredstatements="0" elements="38" coveredelements="0"/>
    </file>
    <file name="/home/vasilyevr/PhpstormProjects/ChatAntiBot/src/UpdateProcessor/NewMembersProcessor.php">
      <class name="App\UpdateProcessor\NewMembersProcessor" namespace="global">
        <metrics complexity="10" methods="3" coveredmethods="0" conditionals="21" coveredconditionals="0" statements="54" coveredstatements="0" elements="78" coveredelements="0"/>
      </class>
      <line num="38" type="method" name="__construct" visibility="public" complexity="1" crap="2" count="0"/>
      <line num="40" type="stmt" count="0"/>
      <line num="41" type="stmt" count="0"/>
      <line num="42" type="stmt" count="0"/>
      <line num="43" type="stmt" count="0"/>
      <line num="49" type="method" name="processUpdate" visibility="public" complexity="7" crap="56" count="0"/>
      <line num="51" type="stmt" count="0"/>
      <line num="52" type="stmt" count="0"/>
      <line num="53" type="stmt" count="0"/>
      <line num="55" type="stmt" count="0"/>
      <line num="56" type="stmt" count="0"/>
      <line num="57" type="stmt" count="0"/>
      <line num="58" type="stmt" count="0"/>
      <line num="59" type="stmt" count="0"/>
      <line num="61" type="stmt" count="0"/>
      <line num="62" type="stmt" count="0"/>
      <line num="63" type="stmt" count="0"/>
      <line num="64" type="stmt" count="0"/>
      <line num="66" type="stmt" count="0"/>
      <line num="67" type="stmt" count="0"/>
      <line num="68" type="stmt" count="0"/>
      <line num="69" type="stmt" count="0"/>
      <line num="71" type="stmt" count="0"/>
      <line num="72" type="stmt" count="0"/>
      <line num="75" type="stmt" count="0"/>
      <line num="76" type="stmt" count="0"/>
      <line num="77" type="stmt" count="0"/>
      <line num="78" type="stmt" count="0"/>
      <line num="79" type="stmt" count="0"/>
      <line num="81" type="stmt" count="0"/>
      <line num="82" type="stmt" count="0"/>
      <line num="83" type="stmt" count="0"/>
      <line num="85" type="stmt" count="0"/>
      <line num="86" type="stmt" count="0"/>
      <line num="87" type="stmt" count="0"/>
      <line num="88" type="stmt" count="0"/>
      <line num="91" type="stmt" count="0"/>
      <line num="94" type="stmt" count="0"/>
      <line num="95" type="stmt" count="0"/>
      <line num="96" type="stmt" count="0"/>
      <line num="97" type="stmt" count="0"/>
      <line num="99" type="stmt" count="0"/>
      <line num="100" type="stmt" count="0"/>
      <line num="101" type="stmt" count="0"/>
      <line num="102" type="stmt" count="0"/>
      <line num="107" type="stmt" count="0"/>
      <line num="113" type="method" name="sendInitInformation" visibility="private" complexity="2" crap="6" count="0"/>
      <line num="115" type="stmt" count="0"/>
      <line num="121" type="stmt" count="0"/>
      <line num="123" type="stmt" count="0"/>
      <line num="124" type="stmt" count="0"/>
      <line num="125" type="stmt" count="0"/>
      <line num="126" type="stmt" count="0"/>
      <line num="128" type="stmt" count="0"/>
      <line num="129" type="stmt" count="0"/>
      <line num="130" type="stmt" count="0"/>
      <line num="134" type="stmt" count="0"/>
      <metrics loc="135" ncloc="113" classes="1" methods="3" coveredmethods="0" conditionals="21" coveredconditionals="0" statements="54" coveredstatements="0" elements="78" coveredelements="0"/>
    </file>
    <file name="/home/vasilyevr/PhpstormProjects/ChatAntiBot/src/UpdateProcessor/NonApprovedMemberProcessor.php">
      <class name="App\UpdateProcessor\NonApprovedMemberProcessor" namespace="global">
        <metrics complexity="4" methods="2" coveredmethods="0" conditionals="8" coveredconditionals="0" statements="18" coveredstatements="0" elements="28" coveredelements="0"/>
      </class>
      <line num="35" type="method" name="__construct" visibility="public" complexity="1" crap="2" count="0"/>
      <line num="37" type="stmt" count="0"/>
      <line num="38" type="stmt" count="0"/>
      <line num="39" type="stmt" count="0"/>
      <line num="40" type="stmt" count="0"/>
      <line num="45" type="method" name="banNonApprovedMembers" visibility="public" complexity="3" crap="12" count="0"/>
      <line num="47" type="stmt" count="0"/>
      <line num="49" type="stmt" count="0"/>
      <line num="50" type="stmt" count="0"/>
      <line num="51" type="stmt" count="0"/>
      <line num="53" type="stmt" count="0"/>
      <line num="54" type="stmt" count="0"/>
      <line num="55" type="stmt" count="0"/>
      <line num="56" type="stmt" count="0"/>
      <line num="58" type="stmt" count="0"/>
      <line num="59" type="stmt" count="0"/>
      <line num="60" type="stmt" count="0"/>
      <line num="61" type="stmt" count="0"/>
      <line num="65" type="stmt" count="0"/>
      <line num="67" type="stmt" count="0"/>
      <metrics loc="68" ncloc="51" classes="1" methods="2" coveredmethods="0" conditionals="8" coveredconditionals="0" statements="18" coveredstatements="0" elements="28" coveredelements="0"/>
    </file>
    <file name="/home/vasilyevr/PhpstormProjects/ChatAntiBot/src/UpdateProcessor/PuzzleAnswerProcessor.php">
      <class name="App\UpdateProcessor\PuzzleAnswerProcessor" namespace="global">
        <metrics complexity="15" methods="5" coveredmethods="0" conditionals="30" coveredconditionals="0" statements="79" coveredstatements="0" elements="114" coveredelements="0"/>
      </class>
      <line num="39" type="method" name="__construct" visibility="public" complexity="1" crap="2" count="0"/>
      <line num="41" type="stmt" count="0"/>
      <line num="42" type="stmt" count="0"/>
      <line num="43" type="stmt" count="0"/>
      <line num="44" type="stmt" count="0"/>
      <line num="50" type="method" name="processUpdate" visibility="public" complexity="8" crap="72" count="0"/>
      <line num="52" type="stmt" count="0"/>
      <line num="53" type="stmt" count="0"/>
      <line num="54" type="stmt" count="0"/>
      <line num="56" type="stmt" count="0"/>
      <line num="57" type="stmt" count="0"/>
      <line num="58" type="stmt" count="0"/>
      <line num="60" type="stmt" count="0"/>
      <line num="61" type="stmt" count="0"/>
      <line num="63" type="stmt" count="0"/>
      <line num="64" type="stmt" count="0"/>
      <line num="65" type="stmt" count="0"/>
      <line num="66" type="stmt" count="0"/>
      <line num="68" type="stmt" count="0"/>
      <line num="69" type="stmt" count="0"/>
      <line num="70" type="stmt" count="0"/>
      <line num="71" type="stmt" count="0"/>
      <line num="73" type="stmt" count="0"/>
      <line num="74" type="stmt" count="0"/>
      <line num="75" type="stmt" count="0"/>
      <line num="76" type="stmt" count="0"/>
      <line num="80" type="stmt" count="0"/>
      <line num="81" type="stmt" count="0"/>
      <line num="82" type="stmt" count="0"/>
      <line num="84" type="stmt" count="0"/>
      <line num="85" type="stmt" count="0"/>
      <line num="86" type="stmt" count="0"/>
      <line num="87" type="stmt" count="0"/>
      <line num="90" type="stmt" count="0"/>
      <line num="91" type="stmt" count="0"/>
      <line num="92" type="stmt" count="0"/>
      <line num="93" type="stmt" count="0"/>
      <line num="95" type="stmt" count="0"/>
      <line num="96" type="stmt" count="0"/>
      <line num="97" type="stmt" count="0"/>
      <line num="98" type="stmt" count="0"/>
      <line num="102" type="stmt" count="0"/>
      <line num="103" type="stmt" count="0"/>
      <line num="104" type="stmt" count="0"/>
      <line num="109" type="method" name="deletePuzzleMessage" visibility="private" complexity="2" crap="6" count="0"/>
      <line num="112" type="stmt" count="0"/>
      <line num="113" type="stmt" count="0"/>
      <line num="114" type="stmt" count="0"/>
      <line num="115" type="stmt" count="0"/>
      <line num="117" type="stmt" count="0"/>
      <line num="118" type="stmt" count="0"/>
      <line num="119" type="stmt" count="0"/>
      <line num="123" type="stmt" count="0"/>
      <line num="128" type="method" name="deleteEnterMessage" visibility="private" complexity="2" crap="6" count="0"/>
      <line num="131" type="stmt" count="0"/>
      <line num="132" type="stmt" count="0"/>
      <line num="133" type="stmt" count="0"/>
      <line num="134" type="stmt" count="0"/>
      <line num="136" type="stmt" count="0"/>
      <line num="137" type="stmt" count="0"/>
      <line num="138" type="stmt" count="0"/>
      <line num="142" type="stmt" count="0"/>
      <line num="148" type="method" name="resendPuzzleMessage" visibility="private" complexity="2" crap="6" count="0"/>
      <line num="150" type="stmt" count="0"/>
      <line num="151" type="stmt" count="0"/>
      <line num="152" type="stmt" count="0"/>
      <line num="153" type="stmt" count="0"/>
      <line num="154" type="stmt" count="0"/>
      <line num="155" type="stmt" count="0"/>
      <line num="156" type="stmt" count="0"/>
      <line num="157" type="stmt" count="0"/>
      <line num="159" type="stmt" count="0"/>
      <line num="161" type="stmt" count="0"/>
      <line num="162" type="stmt" count="0"/>
      <line num="163" type="stmt" count="0"/>
      <line num="165" type="stmt" count="0"/>
      <line num="167" type="stmt" count="0"/>
      <line num="168" type="stmt" count="0"/>
      <line num="169" type="stmt" count="0"/>
      <line num="171" type="stmt" count="0"/>
      <line num="172" type="stmt" count="0"/>
      <line num="173" type="stmt" count="0"/>
      <line num="174" type="stmt" count="0"/>
      <line num="178" type="stmt" count="0"/>
      <metrics loc="179" ncloc="151" classes="1" methods="5" coveredmethods="0" conditionals="30" coveredconditionals="0" statements="79" coveredstatements="0" elements="114" coveredelements="0"/>
    </file>
    <file name="/home/vasilyevr/PhpstormProjects/ChatAntiBot/src/UpdateProcessor/UpdateProcessorInterface.php">
      <metrics loc="26" ncloc="17" classes="0" methods="0" coveredmethods="0" conditionals="0" coveredconditionals="0" statements="0" coveredstatements="0" elements="0" coveredelements="0"/>
    </file>
    <file name="/home/vasilyevr/PhpstormProjects/ChatAntiBot/src/UpdateProcessor/UpdateProcessorManager.php">
      <class name="App\UpdateProcessor\UpdateProcessorManager" namespace="global">
        <metrics complexity="5" methods="2" coveredmethods="0" conditionals="7" coveredconditionals="0" statements="8" coveredstatements="0" elements="17" coveredelements="0"/>
      </class>
      <line num="17" type="method" name="__construct" visibility="public" complexity="1" crap="2" count="0"/>
      <line num="19" type="stmt" count="0"/>
      <line num="20" type="stmt" count="0"/>
      <line num="21" type="stmt" count="0"/>
      <line num="28" type="method" name="getUpdateProcessorByUpdateType" visibility="public" complexity="4" crap="20" count="0"/>
      <line num="30" type="stmt" count="0"/>
      <line num="32" type="stmt" count="0"/>
      <line num="34" type="stmt" count="0"/>
      <line num="36" type="stmt" count="0"/>
      <line num="37" type="stmt" count="0"/>
      <metrics loc="41" ncloc="36" classes="1" methods="2" coveredmethods="0" conditionals="7" coveredconditionals="0" statements="8" coveredstatements="0" elements="17" coveredelements="0"/>
    </file>
    <file name="/home/vasilyevr/PhpstormProjects/ChatAntiBot/src/main.php">
      <line num="6" type="stmt" count="0"/>
      <line num="20" type="stmt" count="0"/>
      <line num="21" type="stmt" count="0"/>
      <line num="23" type="stmt" count="0"/>
      <line num="24" type="stmt" count="0"/>
      <line num="25" type="stmt" count="0"/>
      <line num="27" type="stmt" count="0"/>
      <line num="29" type="stmt" count="0"/>
      <line num="30" type="stmt" count="0"/>
      <line num="31" type="stmt" count="0"/>
      <line num="32" type="stmt" count="0"/>
      <line num="33" type="stmt" count="0"/>
      <line num="35" type="stmt" count="0"/>
      <line num="37" type="stmt" count="0"/>
      <line num="38" type="stmt" count="0"/>
      <line num="39" type="stmt" count="0"/>
      <metrics loc="39" ncloc="39" classes="0" methods="0" coveredmethods="0" conditionals="0" coveredconditionals="0" statements="16" coveredstatements="0" elements="16" coveredelements="0"/>
    </file>
    <metrics files="34" loc="2164" ncloc="1627" classes="26" methods="115" coveredmethods="35" conditionals="275" coveredconditionals="53" statements="537" coveredstatements="97" elements="927" coveredelements="185"/>
  </project>
</coverage>
